<?xml version="1.0" encoding="UTF-8"?>
<!-- Generated by org.testng.reporters.JUnitXMLReporter -->
<testsuite hostname="DESKTOP-2N28VDH" ignored="0" name="Command line test" tests="6" failures="0" timestamp="2018-12-12T16:18:12 IST" time="0.08" errors="0">
  <testcase name="AndroidApps" time="0.01" classname="qaclickacademy.AppiumTest"/>
  <testcase name="IOSApps" time="0.0" classname="qaclickacademy.AppiumTest"/>
  <testcase name="DeleteTwitter" time="0.0" classname="qaclickacademy.RestAPITest"/>
  <testcase name="PostJira" time="0.001" classname="qaclickacademy.RestAPITest"/>
  <testcase name="BrowerAutomation" time="0.0" classname="qaclickacademy.SeleniumTest"/>
  <testcase name="ElementsUI" time="0.0" classname="qaclickacademy.SeleniumTest"/>
</testsuite> <!-- Command line test -->
